<?xml version="1.0" encoding="UTF-8"?>
<testsuites>
  <testsuite name="/app/tests/Station12" tests="8" assertions="8" errors="0" warnings="0" failures="0" skipped="0" time="0.066223">
    <testsuite name="Tests\Station12\Question\FoodTest" file="/app/tests/Station12/Question/FoodTest.php" tests="5" assertions="5" errors="0" warnings="0" failures="0" skipped="0" time="0.065178">
      <testcase name="useByDateプロパティが定義されている" class="Tests\Station12\Question\FoodTest" classname="Tests.Station12.Question.FoodTest" file="/app/tests/Station12/Question/FoodTest.php" line="33" assertions="1" time="0.062694"/>
      <testsuite name="Tests\Station12\Question\FoodTest::食材の定価と消費期限の入力に対し現在時点での価格を返す" tests="4" assertions="4" errors="0" warnings="0" failures="0" skipped="0" time="0.002484">
        <testcase name="食材の定価と消費期限の入力に対し現在時点での価格を返す with data set &quot;定価偶数|消費期限まで5h1s&quot;" class="Tests\Station12\Question\FoodTest" classname="Tests.Station12.Question.FoodTest" file="/app/tests/Station12/Question/FoodTest.php" line="51" assertions="1" time="0.002016"/>
        <testcase name="食材の定価と消費期限の入力に対し現在時点での価格を返す with data set &quot;定価偶数|消費期限まで5h&quot;" class="Tests\Station12\Question\FoodTest" classname="Tests.Station12.Question.FoodTest" file="/app/tests/Station12/Question/FoodTest.php" line="51" assertions="1" time="0.000287"/>
        <testcase name="食材の定価と消費期限の入力に対し現在時点での価格を返す with data set &quot;定価偶数|消費期限まで4h59m59s&quot;" class="Tests\Station12\Question\FoodTest" classname="Tests.Station12.Question.FoodTest" file="/app/tests/Station12/Question/FoodTest.php" line="51" assertions="1" time="0.000078"/>
        <testcase name="食材の定価と消費期限の入力に対し現在時点での価格を返す with data set &quot;定価奇数|消費期限まで4h59m59s&quot;" class="Tests\Station12\Question\FoodTest" classname="Tests.Station12.Question.FoodTest" file="/app/tests/Station12/Question/FoodTest.php" line="51" assertions="1" time="0.000103"/>
      </testsuite>
    </testsuite>
    <testsuite name="Tests\Station12\Question\ProductTest" file="/app/tests/Station12/Question/ProductTest.php" tests="1" assertions="1" errors="0" warnings="0" failures="0" skipped="0" time="0.000032">
      <testcase name="originalPriceプロパティが定義されている" class="Tests\Station12\Question\ProductTest" classname="Tests.Station12.Question.ProductTest" file="/app/tests/Station12/Question/ProductTest.php" line="18" assertions="1" time="0.000032"/>
    </testsuite>
    <testsuite name="Tests\Station12\Question\QuestionTest" file="/app/tests/Station12/Question/QuestionTest.php" tests="2" assertions="2" errors="0" warnings="0" failures="0" skipped="0" time="0.001012">
      <testsuite name="Tests\Station12\Question\QuestionTest::定価と消費期限の入力に対して価格を返す" tests="2" assertions="2" errors="0" warnings="0" failures="0" skipped="0" time="0.001012">
        <testcase name="定価と消費期限の入力に対して価格を返す with data set &quot;価格 == 定価&quot;" class="Tests\Station12\Question\QuestionTest" classname="Tests.Station12.Question.QuestionTest" file="/app/tests/Station12/Question/QuestionTest.php" line="32" assertions="1" time="0.000944"/>
        <testcase name="定価と消費期限の入力に対して価格を返す with data set &quot;価格 == 定価/2&quot;" class="Tests\Station12\Question\QuestionTest" classname="Tests.Station12.Question.QuestionTest" file="/app/tests/Station12/Question/QuestionTest.php" line="32" assertions="1" time="0.000069"/>
      </testsuite>
    </testsuite>
  </testsuite>
</testsuites>
