<?xml version="1.0" encoding="UTF-8"?>
<testsuites>
  <testsuite name="/app/tests/Station11" tests="5" assertions="7" errors="0" warnings="0" failures="1" skipped="0" time="0.017197">
    <testsuite name="Tests\Station11\QuestionTest" file="/app/tests/Station11/QuestionTest.php" tests="5" assertions="7" errors="0" warnings="0" failures="1" skipped="0" time="0.017197">
      <testcase name="_300円の予算内で3つのお菓子データを抽出する" class="Tests\Station11\QuestionTest" classname="Tests.Station11.QuestionTest" file="/app/tests/Station11/QuestionTest.php" line="43" assertions="3" time="0.012769">
        <system-out>Array
(
    [0] =&gt; Array
        (
            [name] =&gt; 飴玉
            [price] =&gt; 50
        )

    [1] =&gt; Array
        (
            [name] =&gt; 綿菓子
            [price] =&gt; 300
        )

    [2] =&gt; Array
        (
            [name] =&gt; チョコレート
            [price] =&gt; 88
        )

)
</system-out>
      </testcase>
      <testcase name="お菓子データの抽出はランダムである" class="Tests\Station11\QuestionTest" classname="Tests.Station11.QuestionTest" file="/app/tests/Station11/QuestionTest.php" line="55" assertions="1" time="0.001226"/>
      <testcase name="getSweetsLessThanBudgetでの処理が命名に合致する" class="Tests\Station11\QuestionTest" classname="Tests.Station11.QuestionTest" file="/app/tests/Station11/QuestionTest.php" line="72" assertions="1" time="0.000634"/>
      <testcase name="getRandomKeysでの処理が命名に合致する" class="Tests\Station11\QuestionTest" classname="Tests.Station11.QuestionTest" file="/app/tests/Station11/QuestionTest.php" line="93" assertions="1" time="0.002517">
        <failure type="PHPUnit\Framework\ExpectationFailedException">Tests\Station11\QuestionTest::getRandomKeysでの処理が命名に合致する
Failed asserting that two arrays are identical.
--- Expected
+++ Actual
@@ @@
 Array &amp;0 (
     0 =&gt; 0
     1 =&gt; 1
-    2 =&gt; 3
+    2 =&gt; 2
+    3 =&gt; 3
 )

/app/tests/Station11/QuestionTest.php:106</failure>
      </testcase>
      <testcase name="makeCombinationでの処理が命名に合致する" class="Tests\Station11\QuestionTest" classname="Tests.Station11.QuestionTest" file="/app/tests/Station11/QuestionTest.php" line="112" assertions="1" time="0.000052"/>
    </testsuite>
  </testsuite>
</testsuites>
