<?xml version="1.0" encoding="UTF-8"?>
<testsuites>
  <testsuite name="/app/tests/Station17" tests="35" assertions="35" errors="0" warnings="0" failures="0" skipped="0" time="0.022703">
    <testsuite name="Tests\Station17\Question\GuitarSoundTest" file="/app/tests/Station17/Question/GuitarSoundTest.php" tests="16" assertions="16" errors="0" warnings="0" failures="0" skipped="0" time="0.020831">
      <testcase name="SoundInterfaceをimplementsしている" class="Tests\Station17\Question\GuitarSoundTest" classname="Tests.Station17.Question.GuitarSoundTest" file="/app/tests/Station17/Question/GuitarSoundTest.php" line="29" assertions="1" time="0.017632"/>
      <testcase name="文字列ギターを値に持つ定数INSTRUMENT_NAMEを定義している" class="Tests\Station17\Question\GuitarSoundTest" classname="Tests.Station17.Question.GuitarSoundTest" file="/app/tests/Station17/Question/GuitarSoundTest.php" line="39" assertions="1" time="0.001617"/>
      <testsuite name="Tests\Station17\Question\GuitarSoundTest::isValidatedInput_CDEFGABに該当するか否かを検証する" tests="11" assertions="11" errors="0" warnings="0" failures="0" skipped="0" time="0.000257">
        <testcase name="isValidatedInput_CDEFGABに該当するか否かを検証する with data set &quot;有効: C&quot;" class="Tests\Station17\Question\GuitarSoundTest" classname="Tests.Station17.Question.GuitarSoundTest" file="/app/tests/Station17/Question/GuitarSoundTest.php" line="50" assertions="1" time="0.000097"/>
        <testcase name="isValidatedInput_CDEFGABに該当するか否かを検証する with data set &quot;有効: D&quot;" class="Tests\Station17\Question\GuitarSoundTest" classname="Tests.Station17.Question.GuitarSoundTest" file="/app/tests/Station17/Question/GuitarSoundTest.php" line="50" assertions="1" time="0.000030"/>
        <testcase name="isValidatedInput_CDEFGABに該当するか否かを検証する with data set &quot;有効: E&quot;" class="Tests\Station17\Question\GuitarSoundTest" classname="Tests.Station17.Question.GuitarSoundTest" file="/app/tests/Station17/Question/GuitarSoundTest.php" line="50" assertions="1" time="0.000018"/>
        <testcase name="isValidatedInput_CDEFGABに該当するか否かを検証する with data set &quot;有効: F&quot;" class="Tests\Station17\Question\GuitarSoundTest" classname="Tests.Station17.Question.GuitarSoundTest" file="/app/tests/Station17/Question/GuitarSoundTest.php" line="50" assertions="1" time="0.000014"/>
        <testcase name="isValidatedInput_CDEFGABに該当するか否かを検証する with data set &quot;有効: G&quot;" class="Tests\Station17\Question\GuitarSoundTest" classname="Tests.Station17.Question.GuitarSoundTest" file="/app/tests/Station17/Question/GuitarSoundTest.php" line="50" assertions="1" time="0.000011"/>
        <testcase name="isValidatedInput_CDEFGABに該当するか否かを検証する with data set &quot;有効: A&quot;" class="Tests\Station17\Question\GuitarSoundTest" classname="Tests.Station17.Question.GuitarSoundTest" file="/app/tests/Station17/Question/GuitarSoundTest.php" line="50" assertions="1" time="0.000010"/>
        <testcase name="isValidatedInput_CDEFGABに該当するか否かを検証する with data set &quot;有効: B&quot;" class="Tests\Station17\Question\GuitarSoundTest" classname="Tests.Station17.Question.GuitarSoundTest" file="/app/tests/Station17/Question/GuitarSoundTest.php" line="50" assertions="1" time="0.000013"/>
        <testcase name="isValidatedInput_CDEFGABに該当するか否かを検証する with data set &quot;無効: CDEFGAB以外の文字&quot;" class="Tests\Station17\Question\GuitarSoundTest" classname="Tests.Station17.Question.GuitarSoundTest" file="/app/tests/Station17/Question/GuitarSoundTest.php" line="50" assertions="1" time="0.000011"/>
        <testcase name="isValidatedInput_CDEFGABに該当するか否かを検証する with data set &quot;無効: ド&quot;" class="Tests\Station17\Question\GuitarSoundTest" classname="Tests.Station17.Question.GuitarSoundTest" file="/app/tests/Station17/Question/GuitarSoundTest.php" line="50" assertions="1" time="0.000010"/>
        <testcase name="isValidatedInput_CDEFGABに該当するか否かを検証する with data set &quot;無効: 数字&quot;" class="Tests\Station17\Question\GuitarSoundTest" classname="Tests.Station17.Question.GuitarSoundTest" file="/app/tests/Station17/Question/GuitarSoundTest.php" line="50" assertions="1" time="0.000010"/>
        <testcase name="isValidatedInput_CDEFGABに該当するか否かを検証する with data set &quot;無効: 数値&quot;" class="Tests\Station17\Question\GuitarSoundTest" classname="Tests.Station17.Question.GuitarSoundTest" file="/app/tests/Station17/Question/GuitarSoundTest.php" line="50" assertions="1" time="0.000033"/>
      </testsuite>
      <testcase name="sound_文字列_エフェクトをかけたギターの引数文字_を返す" class="Tests\Station17\Question\GuitarSoundTest" classname="Tests.Station17.Question.GuitarSoundTest" file="/app/tests/Station17/Question/GuitarSoundTest.php" line="80" assertions="1" time="0.000070"/>
      <testcase name="effect_文字列_エフェクトをかけたギターの引数文字_を返す" class="Tests\Station17\Question\GuitarSoundTest" classname="Tests.Station17.Question.GuitarSoundTest" file="/app/tests/Station17/Question/GuitarSoundTest.php" line="90" assertions="1" time="0.000030"/>
      <testcase name="effectメソッドのアクセス修飾子がprivateである" class="Tests\Station17\Question\GuitarSoundTest" classname="Tests.Station17.Question.GuitarSoundTest" file="/app/tests/Station17/Question/GuitarSoundTest.php" line="102" assertions="1" time="0.001225"/>
    </testsuite>
    <testsuite name="Tests\Station17\Question\KeyboardTest" file="/app/tests/Station17/Question/KeyboardTest.php" tests="5" assertions="5" errors="0" warnings="0" failures="0" skipped="0" time="0.000908">
      <testcase name="第1引数の型がSoundInterfaceである" class="Tests\Station17\Question\KeyboardTest" classname="Tests.Station17.Question.KeyboardTest" file="/app/tests/Station17/Question/KeyboardTest.php" line="29" assertions="1" time="0.000758">
        <system-out>を鳴らします</system-out>
      </testcase>
      <testsuite name="Tests\Station17\Question\KeyboardTest::有効な音名の場合_文字列_指定楽器音を鳴らす_を出力する" tests="2" assertions="2" errors="0" warnings="0" failures="0" skipped="0" time="0.000074">
        <testcase name="有効な音名の場合_文字列_指定楽器音を鳴らす_を出力する with data set &quot;ピアノ&quot;" class="Tests\Station17\Question\KeyboardTest" classname="Tests.Station17.Question.KeyboardTest" file="/app/tests/Station17/Question/KeyboardTest.php" line="56" assertions="1" time="0.000052"/>
        <testcase name="有効な音名の場合_文字列_指定楽器音を鳴らす_を出力する with data set &quot;ギター&quot;" class="Tests\Station17\Question\KeyboardTest" classname="Tests.Station17.Question.KeyboardTest" file="/app/tests/Station17/Question/KeyboardTest.php" line="56" assertions="1" time="0.000022"/>
      </testsuite>
      <testsuite name="Tests\Station17\Question\KeyboardTest::無効な音名の場合_一律に規定文字列を出力" tests="2" assertions="2" errors="0" warnings="0" failures="0" skipped="0" time="0.000077">
        <testcase name="無効な音名の場合_一律に規定文字列を出力 with data set &quot;ピアノ&quot;" class="Tests\Station17\Question\KeyboardTest" classname="Tests.Station17.Question.KeyboardTest" file="/app/tests/Station17/Question/KeyboardTest.php" line="77" assertions="1" time="0.000057"/>
        <testcase name="無効な音名の場合_一律に規定文字列を出力 with data set &quot;ギター&quot;" class="Tests\Station17\Question\KeyboardTest" classname="Tests.Station17.Question.KeyboardTest" file="/app/tests/Station17/Question/KeyboardTest.php" line="77" assertions="1" time="0.000020"/>
      </testsuite>
    </testsuite>
    <testsuite name="Tests\Station17\Question\PianoSoundTest" file="/app/tests/Station17/Question/PianoSoundTest.php" tests="13" assertions="13" errors="0" warnings="0" failures="0" skipped="0" time="0.000308">
      <testcase name="SoundInterfaceをimplementsしている" class="Tests\Station17\Question\PianoSoundTest" classname="Tests.Station17.Question.PianoSoundTest" file="/app/tests/Station17/Question/PianoSoundTest.php" line="27" assertions="1" time="0.000074"/>
      <testcase name="文字列ピアノを値に持つ定数INSTRUMENT_NAMEを定義している" class="Tests\Station17\Question\PianoSoundTest" classname="Tests.Station17.Question.PianoSoundTest" file="/app/tests/Station17/Question/PianoSoundTest.php" line="37" assertions="1" time="0.000029"/>
      <testsuite name="Tests\Station17\Question\PianoSoundTest::isValidatedInput_ドレミファソラシに該当するか否かを検証する" tests="10" assertions="10" errors="0" warnings="0" failures="0" skipped="0" time="0.000170">
        <testcase name="isValidatedInput_ドレミファソラシに該当するか否かを検証する with data set &quot;有効: ド&quot;" class="Tests\Station17\Question\PianoSoundTest" classname="Tests.Station17.Question.PianoSoundTest" file="/app/tests/Station17/Question/PianoSoundTest.php" line="48" assertions="1" time="0.000024"/>
        <testcase name="isValidatedInput_ドレミファソラシに該当するか否かを検証する with data set &quot;有効: レ&quot;" class="Tests\Station17\Question\PianoSoundTest" classname="Tests.Station17.Question.PianoSoundTest" file="/app/tests/Station17/Question/PianoSoundTest.php" line="48" assertions="1" time="0.000015"/>
        <testcase name="isValidatedInput_ドレミファソラシに該当するか否かを検証する with data set &quot;有効: ミ&quot;" class="Tests\Station17\Question\PianoSoundTest" classname="Tests.Station17.Question.PianoSoundTest" file="/app/tests/Station17/Question/PianoSoundTest.php" line="48" assertions="1" time="0.000011"/>
        <testcase name="isValidatedInput_ドレミファソラシに該当するか否かを検証する with data set &quot;有効: ファ&quot;" class="Tests\Station17\Question\PianoSoundTest" classname="Tests.Station17.Question.PianoSoundTest" file="/app/tests/Station17/Question/PianoSoundTest.php" line="48" assertions="1" time="0.000037"/>
        <testcase name="isValidatedInput_ドレミファソラシに該当するか否かを検証する with data set &quot;有効: ソ&quot;" class="Tests\Station17\Question\PianoSoundTest" classname="Tests.Station17.Question.PianoSoundTest" file="/app/tests/Station17/Question/PianoSoundTest.php" line="48" assertions="1" time="0.000021"/>
        <testcase name="isValidatedInput_ドレミファソラシに該当するか否かを検証する with data set &quot;有効: ラ&quot;" class="Tests\Station17\Question\PianoSoundTest" classname="Tests.Station17.Question.PianoSoundTest" file="/app/tests/Station17/Question/PianoSoundTest.php" line="48" assertions="1" time="0.000017"/>
        <testcase name="isValidatedInput_ドレミファソラシに該当するか否かを検証する with data set &quot;有効: シ&quot;" class="Tests\Station17\Question\PianoSoundTest" classname="Tests.Station17.Question.PianoSoundTest" file="/app/tests/Station17/Question/PianoSoundTest.php" line="48" assertions="1" time="0.000012"/>
        <testcase name="isValidatedInput_ドレミファソラシに該当するか否かを検証する with data set &quot;無効: ドレミファソラシ以外の文字&quot;" class="Tests\Station17\Question\PianoSoundTest" classname="Tests.Station17.Question.PianoSoundTest" file="/app/tests/Station17/Question/PianoSoundTest.php" line="48" assertions="1" time="0.000011"/>
        <testcase name="isValidatedInput_ドレミファソラシに該当するか否かを検証する with data set &quot;無効: 数字&quot;" class="Tests\Station17\Question\PianoSoundTest" classname="Tests.Station17.Question.PianoSoundTest" file="/app/tests/Station17/Question/PianoSoundTest.php" line="48" assertions="1" time="0.000011"/>
        <testcase name="isValidatedInput_ドレミファソラシに該当するか否かを検証する with data set &quot;無効: 数値&quot;" class="Tests\Station17\Question\PianoSoundTest" classname="Tests.Station17.Question.PianoSoundTest" file="/app/tests/Station17/Question/PianoSoundTest.php" line="48" assertions="1" time="0.000011"/>
      </testsuite>
      <testcase name="sound_楽器名と引数を結合した文字列を返す" class="Tests\Station17\Question\PianoSoundTest" classname="Tests.Station17.Question.PianoSoundTest" file="/app/tests/Station17/Question/PianoSoundTest.php" line="77" assertions="1" time="0.000035"/>
    </testsuite>
    <testsuite name="Tests\Station17\Question\QuestionTest" file="/app/tests/Station17/Question/QuestionTest.php" tests="1" assertions="1" errors="0" warnings="0" failures="0" skipped="0" time="0.000657">
      <testcase name="ピアノとギターの演奏を出力する" class="Tests\Station17\Question\QuestionTest" classname="Tests.Station17.Question.QuestionTest" file="/app/tests/Station17/Question/QuestionTest.php" line="16" assertions="1" time="0.000657"/>
    </testsuite>
  </testsuite>
</testsuites>
