<?xml version="1.0" encoding="UTF-8"?>
<testsuites>
  <testsuite name="/app/tests/Station10" tests="8" assertions="8" errors="0" warnings="0" failures="0" skipped="0" time="0.013792">
    <testsuite name="Tests\Station10\QuestionTest" file="/app/tests/Station10/QuestionTest.php" tests="8" assertions="8" errors="0" warnings="0" failures="0" skipped="0" time="0.013792">
      <testsuite name="Tests\Station10\QuestionTest::引数に応じて動物の名前を返す" tests="4" assertions="4" errors="0" warnings="0" failures="0" skipped="0" time="0.013740">
        <testcase name="引数に応じて動物の名前を返す with data set #0" class="Tests\Station10\QuestionTest" classname="Tests.Station10.QuestionTest" file="/app/tests/Station10/QuestionTest.php" line="27" assertions="1" time="0.013693"/>
        <testcase name="引数に応じて動物の名前を返す with data set #1" class="Tests\Station10\QuestionTest" classname="Tests.Station10.QuestionTest" file="/app/tests/Station10/QuestionTest.php" line="27" assertions="1" time="0.000029"/>
        <testcase name="引数に応じて動物の名前を返す with data set #2" class="Tests\Station10\QuestionTest" classname="Tests.Station10.QuestionTest" file="/app/tests/Station10/QuestionTest.php" line="27" assertions="1" time="0.000011"/>
        <testcase name="引数に応じて動物の名前を返す with data set #3" class="Tests\Station10\QuestionTest" classname="Tests.Station10.QuestionTest" file="/app/tests/Station10/QuestionTest.php" line="27" assertions="1" time="0.000008"/>
      </testsuite>
      <testsuite name="Tests\Station10\QuestionTest::仕様に準じたgetAnimalNameメソッドが定義されている" tests="4" assertions="4" errors="0" warnings="0" failures="0" skipped="0" time="0.000052">
        <testcase name="仕様に準じたgetAnimalNameメソッドが定義されている with data set #0" class="Tests\Station10\QuestionTest" classname="Tests.Station10.QuestionTest" file="/app/tests/Station10/QuestionTest.php" line="38" assertions="1" time="0.000029"/>
        <testcase name="仕様に準じたgetAnimalNameメソッドが定義されている with data set #1" class="Tests\Station10\QuestionTest" classname="Tests.Station10.QuestionTest" file="/app/tests/Station10/QuestionTest.php" line="38" assertions="1" time="0.000008"/>
        <testcase name="仕様に準じたgetAnimalNameメソッドが定義されている with data set #2" class="Tests\Station10\QuestionTest" classname="Tests.Station10.QuestionTest" file="/app/tests/Station10/QuestionTest.php" line="38" assertions="1" time="0.000009"/>
        <testcase name="仕様に準じたgetAnimalNameメソッドが定義されている with data set #3" class="Tests\Station10\QuestionTest" classname="Tests.Station10.QuestionTest" file="/app/tests/Station10/QuestionTest.php" line="38" assertions="1" time="0.000006"/>
      </testsuite>
    </testsuite>
  </testsuite>
</testsuites>
